<?xml version="1.0" encoding="UTF-8" ?>
<testsuite tests="17" failures="0" name="TestSuite" time="38.466" errors="0" skipped="0">
  <properties>
    <property name="java.runtime.name" value="Java(TM) SE Runtime Environment"/>
    <property name="sun.boot.library.path" value="D:\FBR\programmmation\java\jdk\jre\bin"/>
    <property name="java.vm.version" value="25.144-b01"/>
    <property name="java.vm.vendor" value="Oracle Corporation"/>
    <property name="maven.multiModuleProjectDirectory" value="D:/FBR/bootcamp/Projects/TpJPA"/>
    <property name="java.vendor.url" value="http://java.oracle.com/"/>
    <property name="path.separator" value=";"/>
    <property name="guice.disable.misplaced.annotation.check" value="true"/>
    <property name="java.vm.name" value="Java HotSpot(TM) 64-Bit Server VM"/>
    <property name="file.encoding.pkg" value="sun.io"/>
    <property name="user.script" value=""/>
    <property name="user.country" value="FR"/>
    <property name="sun.java.launcher" value="SUN_STANDARD"/>
    <property name="sun.os.patch.level" value=""/>
    <property name="java.vm.specification.name" value="Java Virtual Machine Specification"/>
    <property name="user.dir" value="D:\FBR\bootcamp\Projects\TpJPA"/>
    <property name="java.runtime.version" value="1.8.0_144-b01"/>
    <property name="java.awt.graphicsenv" value="sun.awt.Win32GraphicsEnvironment"/>
    <property name="java.endorsed.dirs" value="D:\FBR\programmmation\java\jdk\jre\lib\endorsed"/>
    <property name="os.arch" value="amd64"/>
    <property name="java.io.tmpdir" value="C:\Users\EDWIGE~1\AppData\Local\Temp\"/>
    <property name="line.separator" value="
"/>
    <property name="java.vm.specification.vendor" value="Oracle Corporation"/>
    <property name="user.variant" value=""/>
    <property name="os.name" value="Windows 8.1"/>
    <property name="classworlds.conf" value="D:/FBR/bootcamp/maven/apache-maven-3.5.0/bin/m2.conf"/>
    <property name="sun.jnu.encoding" value="Cp1252"/>
    <property name="java.library.path" value="D:\FBR\programmmation\java\jdk\bin;C:\Windows\Sun\Java\bin;C:\Windows\system32;C:\Windows;C:\Users\edwigegédéon\bin;D:\FBR\programmmation\Git\mingw64\bin;D:\FBR\programmmation\Git\usr\local\bin;D:\FBR\programmmation\Git\usr\bin;D:\FBR\programmmation\Git\usr\bin;D:\FBR\programmmation\Git\mingw64\bin;D:\FBR\programmmation\Git\usr\bin;C:\Users\edwigegédéon\bin;D:\FBR\programmmation\java\jdk\bin;C:\ProgramData\Oracle\Java\javapath;C:\Windows\system32;C:\Windows;C:\Windows\System32\Wbem;C:\Windows\System32\WindowsPowerShell\v1.0;C:\Program Files\Hewlett-Packard\SimplePass;C:\Program Files (x86)\Windows Live\Shared;C:\Program Files (x86)\ATI Technologies\ATI.ACE\Core-Static;D:\FBR\programmmation\S\wamp64\bin\php\php7.0.10;C:\ProgramData\ComposerSetup\bin;D:\FBR\programmmation\programs\wamp64\bin\php\php7.0.10;D:\FBR\programmmation\programs\wamp64\bin\php\php5.6.25;D:\FBR\programmmation\Git\cmd;C:\Users\edwigegédéon\AppData\Roaming\Composer\vendor\bin;D:\FBR\bootcamp\maven\apache-maven-3.5.0\bin;D:\FBR\programmmation\Git\usr\bin\vendor_perl;D:\FBR\programmmation\Git\usr\bin\core_perl;."/>
    <property name="maven.conf" value="D:/FBR/bootcamp/maven/apache-maven-3.5.0/conf"/>
    <property name="java.specification.name" value="Java Platform API Specification"/>
    <property name="java.class.version" value="52.0"/>
    <property name="sun.management.compiler" value="HotSpot 64-Bit Tiered Compilers"/>
    <property name="os.version" value="6.3"/>
    <property name="library.jansi.path" value="D:\FBR\bootcamp\maven\apache-maven-3.5.0\lib\jansi-native\windows64"/>
    <property name="user.home" value="C:\Users\edwigegédéon"/>
    <property name="user.timezone" value="Africa/Tripoli"/>
    <property name="java.awt.printerjob" value="sun.awt.windows.WPrinterJob"/>
    <property name="java.specification.version" value="1.8"/>
    <property name="file.encoding" value="Cp1252"/>
    <property name="user.name" value="edwigegédéon"/>
    <property name="java.class.path" value="D:/FBR/bootcamp/maven/apache-maven-3.5.0/boot/plexus-classworlds-2.5.2.jar"/>
    <property name="java.vm.specification.version" value="1.8"/>
    <property name="sun.arch.data.model" value="64"/>
    <property name="java.home" value="D:\FBR\programmmation\java\jdk\jre"/>
    <property name="sun.java.command" value="org.codehaus.plexus.classworlds.launcher.Launcher test"/>
    <property name="java.specification.vendor" value="Oracle Corporation"/>
    <property name="user.language" value="fr"/>
    <property name="awt.toolkit" value="sun.awt.windows.WToolkit"/>
    <property name="java.vm.info" value="mixed mode"/>
    <property name="java.version" value="1.8.0_144"/>
    <property name="java.ext.dirs" value="D:\FBR\programmmation\java\jdk\jre\lib\ext;C:\Windows\Sun\Java\lib\ext"/>
    <property name="sun.boot.class.path" value="D:\FBR\programmmation\java\jdk\jre\lib\resources.jar;D:\FBR\programmmation\java\jdk\jre\lib\rt.jar;D:\FBR\programmmation\java\jdk\jre\lib\sunrsasign.jar;D:\FBR\programmmation\java\jdk\jre\lib\jsse.jar;D:\FBR\programmmation\java\jdk\jre\lib\jce.jar;D:\FBR\programmmation\java\jdk\jre\lib\charsets.jar;D:\FBR\programmmation\java\jdk\jre\lib\jfr.jar;D:\FBR\programmmation\java\jdk\jre\classes"/>
    <property name="java.vendor" value="Oracle Corporation"/>
    <property name="maven.home" value="D:\FBR\bootcamp\maven\apache-maven-3.5.0"/>
    <property name="file.separator" value="\"/>
    <property name="java.vendor.url.bug" value="http://bugreport.sun.com/bugreport/"/>
    <property name="sun.cpu.endian" value="little"/>
    <property name="sun.io.unicode.encoding" value="UnicodeLittle"/>
    <property name="sun.desktop" value="windows"/>
    <property name="sun.cpu.isalist" value="amd64"/>
  </properties>
  <testcase classname="com.bootcamp.BailleurTest" name="createBailleurTest" time="21.472"/>
  <testcase classname="com.bootcamp.BailleurTest" name="deleteBailleurTest" time="2.145"/>
  <testcase classname="com.bootcamp.BailleurTest" name="findAllTest" time="0.371"/>
  <testcase classname="com.bootcamp.BailleurTest" name="updateBailleurTest" time="0.357"/>
  <testcase classname="com.bootcamp.BeneficiaireTest" name="createBeneficiaireTest" time="0.428"/>
  <testcase classname="com.bootcamp.BeneficiaireTest" name="deleteBeneficiaireTest" time="0.306"/>
  <testcase classname="com.bootcamp.BeneficiaireTest" name="findAllTest" time="0.324"/>
  <testcase classname="com.bootcamp.BeneficiaireTest" name="updateBeneficiaireTest" time="0.267"/>
  <testcase classname="com.bootcamp.FournisseurTest" name="createFournisseurTest" time="0.492"/>
  <testcase classname="com.bootcamp.FournisseurTest" name="deleteFournisseurTest" time="0.209"/>
  <testcase classname="com.bootcamp.FournisseurTest" name="findAllTest" time="0.204"/>
  <testcase classname="com.bootcamp.FournisseurTest" name="updateFournisseurTest" time="0.275"/>
  <testcase classname="com.bootcamp.GenerateTableTest" name="generateTables" time="4.254"/>
  <testcase classname="com.bootcamp.JsonTest" name="jsonTest" time="5.24"/>
  <testcase classname="com.bootcamp.ProgrammeTest" name="createProgrammeTest" time="0.352"/>
  <testcase classname="com.bootcamp.ProgrammeTest" name="findAllTest" time="0.337"/>
  <testcase classname="com.bootcamp.RequetesTest" name="requestsTest" time="1.433"/>
</testsuite>