<?xml version="1.0" encoding="UTF-8"?>
<!-- Generated by org.testng.reporters.JUnitReportReporter -->
<testsuite skipped="0" hostname="modestyEdwige" name="com.bootcamp.FournisseurTest" tests="4" failures="0" timestamp="10 oct. 2017 18:08:24 GMT" time="1.190" errors="0">
  <testcase name="findAllTest" time="0.210" classname="com.bootcamp.FournisseurTest"/>
  <testcase name="createFournisseurTest" time="0.479" classname="com.bootcamp.FournisseurTest"/>
  <testcase name="updateFournisseurTest" time="0.275" classname="com.bootcamp.FournisseurTest"/>
  <testcase name="deleteFournisseurTest" time="0.226" classname="com.bootcamp.FournisseurTest"/>
</testsuite> <!-- com.bootcamp.FournisseurTest -->
