<?xml version="1.0" encoding="UTF-8"?>
<!-- Generated by org.testng.reporters.JUnitReportReporter -->
<testsuite skipped="0" hostname="modestyEdwige" name="com.bootcamp.ProgrammeTest" tests="2" failures="0" timestamp="10 oct. 2017 18:08:24 GMT" time="0.655" errors="0">
  <testcase name="createProgrammeTest" time="0.337" classname="com.bootcamp.ProgrammeTest"/>
  <testcase name="findAllTest" time="0.318" classname="com.bootcamp.ProgrammeTest"/>
</testsuite> <!-- com.bootcamp.ProgrammeTest -->
