<?xml version="1.0" encoding="UTF-8"?>
<!-- Generated by org.testng.reporters.JUnitReportReporter -->
<testsuite skipped="0" hostname="modestyEdwige" name="com.bootcamp.GenerateTableTest" tests="1" failures="0" timestamp="10 oct. 2017 18:08:24 GMT" time="4.254" errors="0">
  <testcase name="generateTables" time="4.254" classname="com.bootcamp.GenerateTableTest"/>
</testsuite> <!-- com.bootcamp.GenerateTableTest -->
