<?xml version="1.0" encoding="UTF-8"?>
<!-- Generated by org.testng.reporters.JUnitReportReporter -->
<testsuite skipped="0" hostname="modestyEdwige" name="com.bootcamp.BailleurTest" tests="4" failures="0" timestamp="10 oct. 2017 18:08:24 GMT" time="24.379" errors="0">
  <testcase name="deleteBailleurTest" time="2.200" classname="com.bootcamp.BailleurTest"/>
  <testcase name="createBailleurTest" time="21.447" classname="com.bootcamp.BailleurTest"/>
  <testcase name="updateBailleurTest" time="0.355" classname="com.bootcamp.BailleurTest"/>
  <testcase name="findAllTest" time="0.377" classname="com.bootcamp.BailleurTest"/>
</testsuite> <!-- com.bootcamp.BailleurTest -->
