<?xml version="1.0" encoding="UTF-8"?>
<!-- Generated by org.testng.reporters.JUnitReportReporter -->
<testsuite skipped="0" hostname="modestyEdwige" name="com.bootcamp.BeneficiaireTest" tests="4" failures="0" timestamp="10 oct. 2017 18:08:24 GMT" time="1.327" errors="0">
  <testcase name="createBeneficiaireTest" time="0.432" classname="com.bootcamp.BeneficiaireTest"/>
  <testcase name="updateBeneficiaireTest" time="0.266" classname="com.bootcamp.BeneficiaireTest"/>
  <testcase name="findAllTest" time="0.336" classname="com.bootcamp.BeneficiaireTest"/>
  <testcase name="deleteBeneficiaireTest" time="0.293" classname="com.bootcamp.BeneficiaireTest"/>
</testsuite> <!-- com.bootcamp.BeneficiaireTest -->
