<?xml version="1.0" encoding="UTF-8"?>
<!-- Generated by org.testng.reporters.JUnitReportReporter -->
<testsuite skipped="0" hostname="modestyEdwige" name="com.bootcamp.JsonTest" tests="1" failures="0" timestamp="10 oct. 2017 18:08:24 GMT" time="5.239" errors="0">
  <testcase name="jsonTest" time="5.239" classname="com.bootcamp.JsonTest"/>
</testsuite> <!-- com.bootcamp.JsonTest -->
