<?xml version="1.0" encoding="UTF-8"?>
<!-- Generated by org.testng.reporters.JUnitReportReporter -->
<testsuite skipped="0" hostname="modestyEdwige" name="com.bootcamp.RequetesTest" tests="1" failures="0" timestamp="10 oct. 2017 18:08:24 GMT" time="1.444" errors="0">
  <testcase name="requestsTest" time="1.444" classname="com.bootcamp.RequetesTest"/>
</testsuite> <!-- com.bootcamp.RequetesTest -->
